proguard.cfg
-ignorewarnings
-optimizationpasses 5
-dontusemixedcaseclassnames
-dontskipnonpubliclibraryclasses
-dontpreverify
-verbose
-optimizations !code/simplification/arithmetic,!field/*,!class/merging/*

-dontwarn
-dontskipnonpubliclibraryclassmembers

-libraryjars libs/android-support-v4.jar

-dontwarn android.content.pm.IPackageStatsObserver
-dontwarn android.content.pm.IPackageStatsObserver$Stub
-dontwarn android.content.pm.PackageParser
-dontwarn android.content.pm.PackageParser$Package
-dontwarn android.content.pm.PackageParser$Activity
-dontwarn android.content.pm.PackageParser$IntentInfo
-dontwarn android.content.pm.PackageParser$Component
-dontwarn android.os.SystemProperties
-dontwarn android.os.ServiceManager

-dontwarn android.support.v4.** 
-dontwarn org.apache.commons.compress.**
-dontwarn com.androidsystem.launcher.utils.StorageUtil
-dontwarn com.androidsystem.launcher.business.BusinessUtil

-keep public class * extends org.apache.commons.compress.**
-keep public class * extends android.support.v4.** 
-keep public class * extends android.app.Fragment


-keep public class * extends android.app.Activity
-keep public class * extends android.app.Application
-keep public class * extends android.app.Service
-keep public class * extends android.content.BroadcastReceiver
-keep public class * extends android.content.ContentProvider
-keep public class * extends android.app.backup.BackupAgentHelper
-keep public class * extends android.preference.Preference
-keep public class com.android.vending.licensing.ILicensingService

-keep public class * extends android.content.pm.IPackageStatsObserver.Stub

-keepclasseswithmembernames class * {
    native <methods>;
}

-keepclasseswithmembers class * {
    public <init>(android.content.Context, android.util.AttributeSet);
}

-keepclasseswithmembers class * {
    public <init>(android.content.Context, android.util.AttributeSet, int);
}

-keepclassmembers enum * {
    public static **[] values();
    public static ** valueOf(java.lang.String);
}

-keep class * implements android.os.Parcelable {
  public static final android.os.Parcelable$Creator *;
}

-keep class com.baidu.mobstat.** {
*;
}

-keep class com.baidu.android.common.** {
*;
}

-keep class com.baidu.util.** {
*;
}

-keep class android.support.v4.** {
*;
}

-keep class * extends android.os.IInterface

-keep class android.telephony.NeighboringCellInfo{
    *;
}

-keep class com.android.internal.telephony.ITelephony{
     *; 
}

-keep class * implements com.android.internal.telephony.ITelephony{
    *;
}

-keep class * implements android.os.IServiceManager{
    *;
}

-keep class android.os.ServiceManagerNative{
    *;
}

-keep class android.os.ServiceManager{
     *; 
}

-keep class android.os.BinderInternal{
    *;
}

-keep class com.tencent.mm.sdk.openapi.WXMediaMessage { *;}
-keep class com.tencent.mm.sdk.openapi.** implements com.tencent.mm.sdk.openapi.WXMediaMessage$IMediaObject {*;}


-keep class com.tencent.open.TDialog$*
-keep class com.tencent.open.TDialog$* {*;}
-keep class com.tencent.open.PKDialog
-keep class com.tencent.open.PKDialog {*;}
-keep class com.tencent.open.PKDialog$*
-keep class com.tencent.open.PKDialog$* {*;}