proguard/seeds.txt
android.support.v4.widget.CursorAdapter$MyDataSetObserver
android.support.v4.widget.CursorAdapter$MyDataSetObserver: android.support.v4.widget.CursorAdapter this$0
android.support.v4.widget.CursorAdapter$MyDataSetObserver: CursorAdapter$MyDataSetObserver(android.support.v4.widget.CursorAdapter)
android.support.v4.widget.CursorAdapter$MyDataSetObserver: void onChanged()
android.support.v4.widget.CursorAdapter$MyDataSetObserver: void onInvalidated()
android.support.v4.widget.CursorAdapter$MyDataSetObserver: CursorAdapter$MyDataSetObserver(android.support.v4.widget.CursorAdapter,android.support.v4.widget.CursorAdapter$1)
android.support.v4.widget.CursorFilter
android.support.v4.widget.CursorFilter: android.support.v4.widget.CursorFilter$CursorFilterClient mClient
android.support.v4.widget.CursorFilter: CursorFilter(android.support.v4.widget.CursorFilter$CursorFilterClient)
android.support.v4.widget.CursorFilter: java.lang.CharSequence convertResultToString(java.lang.Object)
android.support.v4.widget.CursorFilter: android.widget.Filter$FilterResults performFiltering(java.lang.CharSequence)
android.support.v4.widget.CursorFilter: void publishResults(java.lang.CharSequence,android.widget.Filter$FilterResults)
android.support.v4.widget.CursorFilter$CursorFilterClient
android.support.v4.widget.CursorFilter$CursorFilterClient: java.lang.CharSequence convertToString(android.database.Cursor)
android.support.v4.widget.CursorFilter$CursorFilterClient: android.database.Cursor runQueryOnBackgroundThread(java.lang.CharSequence)
android.support.v4.widget.CursorFilter$CursorFilterClient: android.database.Cursor getCursor()
android.support.v4.widget.CursorFilter$CursorFilterClient: void changeCursor(android.database.Cursor)
android.support.v4.widget.DrawerLayout
android.support.v4.widget.DrawerLayout: java.lang.String TAG
android.support.v4.widget.DrawerLayout: int STATE_IDLE
android.support.v4.widget.DrawerLayout: int STATE_DRAGGING
android.support.v4.widget.DrawerLayout: int STATE_SETTLING
android.support.v4.widget.DrawerLayout: int LOCK_MODE_UNLOCKED
android.support.v4.widget.DrawerLayout: int LOCK_MODE_LOCKED_CLOSED
android.support.v4.widget.DrawerLayout: int LOCK_MODE_LOCKED_OPEN
android.support.v4.widget.DrawerLayout: int MIN_DRAWER_MARGIN
android.support.v4.widget.DrawerLayout: int DEFAULT_SCRIM_COLOR
android.support.v4.widget.DrawerLayout: int PEEK_DELAY
android.support.v4.widget.DrawerLayout: int MIN_FLING_VELOCITY
android.support.v4.widget.DrawerLayout: boolean ALLOW_EDGE_LOCK
android.support.v4.widget.DrawerLayout: boolean CHILDREN_DISALLOW_INTERCEPT
android.support.v4.widget.DrawerLayout: float TOUCH_SLOP_SENSITIVITY
android.support.v4.widget.DrawerLayout: int[] LAYOUT_ATTRS
android.support.v4.widget.DrawerLayout: int mMinDrawerMargin
android.support.v4.widget.DrawerLayout: int mScrimColor
android.support.v4.widget.DrawerLayout: float mScrimOpacity
android.support.v4.widget.DrawerLayout: android.graphics.Paint mScrimPaint
android.support.v4.widget.DrawerLayout: android.support.v4.widget.ViewDragHelper mLeftDragger
android.support.v4.widget.DrawerLayout: android.support.v4.widget.ViewDragHelper mRightDragger