proguard/mapping.txt
android.support.v4.hardware.display.DisplayManagerCompat$JellybeanMr1Impl -> android.support.v4.hardware.display.DisplayManagerCompat$JellybeanMr1Impl:
    java.lang.Object mDisplayManagerObj -> mDisplayManagerObj
    android.view.Display getDisplay(int) -> getDisplay
    android.view.Display[] getDisplays() -> getDisplays
    android.view.Display[] getDisplays(java.lang.String) -> getDisplays
android.support.v4.hardware.display.DisplayManagerCompat$LegacyImpl -> android.support.v4.hardware.display.DisplayManagerCompat$LegacyImpl:
    android.view.WindowManager mWindowManager -> mWindowManager
    android.view.Display getDisplay(int) -> getDisplay
    android.view.Display[] getDisplays() -> getDisplays
    android.view.Display[] getDisplays(java.lang.String) -> getDisplays
android.support.v4.hardware.display.DisplayManagerJellybeanMr1 -> android.support.v4.hardware.display.DisplayManagerJellybeanMr1:
    java.lang.Object getDisplayManager(android.content.Context) -> getDisplayManager
    android.view.Display getDisplay(java.lang.Object,int) -> getDisplay
    android.view.Display[] getDisplays(java.lang.Object) -> getDisplays
    android.view.Display[] getDisplays(java.lang.Object,java.lang.String) -> getDisplays
android.support.v4.internal.view.SupportMenu -> android.support.v4.internal.view.SupportMenu:
    int USER_MASK -> USER_MASK
    int USER_SHIFT -> USER_SHIFT
    int CATEGORY_MASK -> CATEGORY_MASK
    int CATEGORY_SHIFT -> CATEGORY_SHIFT
android.support.v4.internal.view.SupportMenuItem -> android.support.v4.internal.view.SupportMenuItem:
    int SHOW_AS_ACTION_NEVER -> SHOW_AS_ACTION_NEVER
    int SHOW_AS_ACTION_IF_ROOM -> SHOW_AS_ACTION_IF_ROOM
    int SHOW_AS_ACTION_ALWAYS -> SHOW_AS_ACTION_ALWAYS
    int SHOW_AS_ACTION_WITH_TEXT -> SHOW_AS_ACTION_WITH_TEXT
    int SHOW_AS_ACTION_COLLAPSE_ACTION_VIEW -> SHOW_AS_ACTION_COLLAPSE_ACTION_VIEW
    void setShowAsAction(int) -> setShowAsAction
    android.view.MenuItem setShowAsActionFlags(int) -> setShowAsActionFlags
    android.view.MenuItem setActionView(android.view.View) -> setActionView
    android.view.MenuItem setActionView(int) -> setActionView
    android.view.View getActionView() -> getActionView
    android.support.v4.internal.view.SupportMenuItem setSupportActionProvider(android.support.v4.view.ActionProvider) -> setSupportActionProvider
    android.support.v4.view.ActionProvider getSupportActionProvider() -> getSupportActionProvider
    boolean expandActionView() -> expandActionView
    boolean collapseActionView() -> collapseActionView
    boolean isActionViewExpanded() -> isActionViewExpanded
    android.support.v4.internal.view.SupportMenuItem setSupportOnActionExpandListener(android.support.v4.view.MenuItemCompat$OnActionExpandListener) -> setSupportOnActionExpandListener
android.support.v4.internal.view.SupportSubMenu -> android.support.v4.internal.view.SupportSubMenu:
android.support.v4.media.TransportController -> android.support.v4.media.TransportController:
    void registerStateListener(android.support.v4.media.TransportStateListener) -> registerStateListener
    void unregisterStateListener(android.support.v4.media.TransportStateListener) -> unregisterStateListener
    void startPlaying() -> startPlaying
    void pausePlaying() -> pausePlaying
    void stopPlaying() -> stopPlaying
    long getDuration() -> getDuration
    long getCurrentPosition() -> getCurrentPosition
    void seekTo(long) -> seekTo
    boolean isPlaying() -> isPlaying
    int getBufferPercentage() -> getBufferPercentage
    int getTransportControlFlags() -> getTransportControlFlags