proguard/usage.txt
android.annotation.SuppressLint
android.annotation.TargetApi
com.luo.demo.BuildConfig
com.luo.demo.R
com.luo.demo.R$attr
com.luo.demo.R$color
com.luo.demo.R$drawable
com.luo.demo.R$id
com.luo.demo.R$layout
com.luo.demo.R$string
com.luo.demo.R$style
com.luo.demo.ui.MainActivity:
    public static final int PAGE_1
    public static final int PAGE_2
    public static final int PAGE_3
    public static final int PAGE_4
    private android.widget.TextView mTitle
com.luo.demo.ui.Tab1SubActivity:
    private static final java.lang.String TAG
    33:33:public android.view.View onCreateView()
com.luo.demo.ui.Tab2SubActivity:
    private static final java.lang.String TAG
    33:33:public android.view.View onCreateView()
com.luo.demo.ui.Tab3SubActivity:
    private static final java.lang.String TAG
    33:33:public android.view.View onCreateView()
com.luo.demo.ui.Tab4SubActivity:
    private static final java.lang.String TAG
    33:33:public android.view.View onCreateView()
com.luo.demo.ui.viewpager.IBackKeyClickable
com.luo.demo.ui.viewpager.IOnPageChangeListener
com.luo.demo.ui.viewpager.SubActivity:
    public abstract android.view.View onCreateView()
com.luo.demo.ui.viewpager.ViewPagesAdapter:
    30:30:public int getCurrentPage()
    121:125:public boolean onBackPressed()